<?xml version="1.0" encoding="UTF-8"?>
<!-- Generated by org.testng.reporters.JUnitXMLReporter -->
<testsuite ignored="0" hostname="LAPTOP-KE2SNMD2" failures="0" tests="1" name="ApiTesting" time="0.227" errors="0" timestamp="2025-11-22T23:01:31 IST">
  <testcase classname="com.hrblizz.base.Base" name="@BeforeSuite setOffset" time="-1.763832691402E9">
    <failure type="org.testng.TestNGException" message="
Parameter &amp;apos;offsetDays&amp;apos; is required by BeforeSuite on method setOffset but has not been marked @Optional or defined
in C:\Users\Aishwarya Teggi\eclipse-workspace\Messar_assignment\testng.xml">
      <![CDATA[org.testng.TestNGException: 
Parameter 'offsetDays' is required by BeforeSuite on method setOffset but has not been marked @Optional or defined
in C:\Users\Aishwarya Teggi\eclipse-workspace\Messar_assignment\testng.xml
... Removed 16 stack frames]]>
    </failure>
  </testcase> <!-- @BeforeSuite setOffset -->
  <testcase classname="com.hrblizz.base.Base" name="@BeforeClass setUp" time="0.0">
    <skipped/>
  </testcase> <!-- @BeforeClass setUp -->
  <testcase classname="com.hrblizz.base.Base" name="@AfterClass tearDown" time="0.0">
    <skipped/>
  </testcase> <!-- @AfterClass tearDown -->
  <testcase classname="com.hrblizz.testcase.TC_01_Api_Login_Case" name="testUserCreate" time="0.001">
    <skipped/>
  </testcase> <!-- testUserCreate -->
</testsuite> <!-- ApiTesting -->
