<?xml version="1.0" encoding="UTF-8"?>
<!-- Generated by org.testng.reporters.JUnitXMLReporter -->
<testsuite ignored="1" hostname="LAPTOP-KE2SNMD2" failures="1" tests="2" name="Test" time="45.607" errors="0" timestamp="2025-11-22T22:15:33 IST">
  <testcase classname="com.hrblizz.testcase.TC_01_Manager_ApplyLeave" name="ManagerApplyLeave" time="34.214"/>
  <testcase classname="com.hrblizz.testcase.TC_02_FailTestCase" name="failLogin" time="4.154">
    <failure type="java.lang.AssertionError" message="null">
      <![CDATA[java.lang.AssertionError: null
at com.hrblizz.testcase.TC_02_FailTestCase.failLogin(TC_02_FailTestCase.java:37)
at java.base/java.util.ArrayList.forEach(ArrayList.java:1597)
... Removed 27 stack frames]]>
    </failure>
  </testcase> <!-- failLogin -->
  <testcase classname="com.hrblizz.base.Base" name="@BeforeSuite setOffset" time="0.0">
    <ignored/>
  </testcase> <!-- @BeforeSuite setOffset -->
</testsuite> <!-- Test -->
