<?xml version="1.0" encoding="UTF-8"?>
<testng-results ignored="0" total="2" passed="1" failed="1" skipped="0">
  <reporter-output>
  </reporter-output>
  <suite started-at="2025-11-22T22:14:47 IST" name="Suite" finished-at="2025-11-22T22:15:32 IST" duration-ms="45607">
    <groups>
    </groups>
    <test started-at="2025-11-22T22:14:47 IST" name="Test" finished-at="2025-11-22T22:15:32 IST" duration-ms="45607">
      <class name="com.hrblizz.testcase.TC_02_FailTestCase">
        <test-method is-config="true" signature="setUp()[pri:0, instance:com.hrblizz.testcase.TC_02_FailTestCase@630cb4a4]" started-at="2025-11-22T22:15:25 IST" name="setUp" finished-at="2025-11-22T22:15:27 IST" duration-ms="2400" status="PASS">
          <reporter-output>
          </reporter-output>
        </test-method> <!-- setUp -->
        <test-method signature="failLogin()[pri:0, instance:com.hrblizz.testcase.TC_02_FailTestCase@630cb4a4]" started-at="2025-11-22T22:15:27 IST" name="failLogin" finished-at="2025-11-22T22:15:32 IST" duration-ms="4154" status="FAIL">
          <exception class="java.lang.AssertionError">
            <message>
              <![CDATA[null]]>
            </message>
            <full-stacktrace>
              <![CDATA[java.lang.AssertionError: null
at org.testng.Assert.fail(Assert.java:111)
at org.testng.Assert.fail(Assert.java:116)
at com.hrblizz.testcase.TC_02_FailTestCase.failLogin(TC_02_FailTestCase.java:37)
at java.base/jdk.internal.reflect.DirectMethodHandleAccessor.invoke(DirectMethodHandleAccessor.java:103)
at java.base/java.lang.reflect.Method.invoke(Method.java:580)
at org.testng.internal.invokers.MethodInvocationHelper.invokeMethod(MethodInvocationHelper.java:141)
at org.testng.internal.invokers.TestInvoker.invokeMethod(TestInvoker.java:686)
at org.testng.internal.invokers.TestInvoker.invokeTestMethod(TestInvoker.java:230)
at org.testng.internal.invokers.MethodRunner.runInSequence(MethodRunner.java:63)
at org.testng.internal.invokers.TestInvoker$MethodInvocationAgent.invoke(TestInvoker.java:992)
at org.testng.internal.invokers.TestInvoker.invokeTestMethods(TestInvoker.java:203)
at org.testng.internal.invokers.TestMethodWorker.invokeTestMethods(TestMethodWorker.java:154)
at org.testng.internal.invokers.TestMethodWorker.run(TestMethodWorker.java:134)
at java.base/java.util.ArrayList.forEach(ArrayList.java:1597)
at org.testng.TestRunner.privateRun(TestRunner.java:739)
at org.testng.TestRunner.run(TestRunner.java:614)
at org.testng.SuiteRunner.runTest(SuiteRunner.java:421)
at org.testng.SuiteRunner.runSequentially(SuiteRunner.java:413)
at org.testng.SuiteRunner.privateRun(SuiteRunner.java:373)
at org.testng.SuiteRunner.run(SuiteRunner.java:312)
at org.testng.SuiteRunnerWorker.runSuite(SuiteRunnerWorker.java:52)
at org.testng.SuiteRunnerWorker.run(SuiteRunnerWorker.java:95)
at org.testng.TestNG.runSuitesSequentially(TestNG.java:1274)
at org.testng.TestNG.runSuitesLocally(TestNG.java:1208)
at org.testng.TestNG.runSuites(TestNG.java:1112)
at org.testng.TestNG.run(TestNG.java:1079)
at org.testng.remote.AbstractRemoteTestNG.run(AbstractRemoteTestNG.java:115)
at org.testng.remote.RemoteTestNG.initAndRun(RemoteTestNG.java:293)
at org.testng.remote.RemoteTestNG.main(RemoteTestNG.java:91)
]]>
            </full-stacktrace>
          </exception> <!-- java.lang.AssertionError -->
          <reporter-output>
          </reporter-output>
        </test-method> <!-- failLogin -->
        <test-method is-config="true" signature="tearDown()[pri:0, instance:com.hrblizz.testcase.TC_02_FailTestCase@630cb4a4]" started-at="2025-11-22T22:15:32 IST" name="tearDown" finished-at="2025-11-22T22:15:32 IST" duration-ms="557" status="PASS">
          <reporter-output>
          </reporter-output>
        </test-method> <!-- tearDown -->
      </class> <!-- com.hrblizz.testcase.TC_02_FailTestCase -->
      <class name="com.hrblizz.testcase.TC_01_Manager_ApplyLeave">
        <test-method is-config="true" signature="setOffset()[pri:0, instance:com.hrblizz.testcase.TC_01_Manager_ApplyLeave@207ea13]" started-at="2025-11-22T22:14:47 IST" name="setOffset" finished-at="2025-11-22T22:14:47 IST" duration-ms="9" status="PASS">
          <reporter-output>
          </reporter-output>
        </test-method> <!-- setOffset -->
        <test-method is-config="true" signature="setUp()[pri:0, instance:com.hrblizz.testcase.TC_01_Manager_ApplyLeave@207ea13]" started-at="2025-11-22T22:14:47 IST" name="setUp" finished-at="2025-11-22T22:14:50 IST" duration-ms="3251" status="PASS">
          <reporter-output>
          </reporter-output>
        </test-method> <!-- setUp -->
        <test-method signature="ManagerApplyLeave()[pri:0, instance:com.hrblizz.testcase.TC_01_Manager_ApplyLeave@207ea13]" started-at="2025-11-22T22:14:50 IST" name="ManagerApplyLeave" finished-at="2025-11-22T22:15:24 IST" duration-ms="34214" status="PASS">
          <reporter-output>
          </reporter-output>
        </test-method> <!-- ManagerApplyLeave -->
        <test-method is-config="true" signature="tearDown()[pri:0, instance:com.hrblizz.testcase.TC_01_Manager_ApplyLeave@207ea13]" started-at="2025-11-22T22:15:24 IST" name="tearDown" finished-at="2025-11-22T22:15:25 IST" duration-ms="532" status="PASS">
          <reporter-output>
          </reporter-output>
        </test-method> <!-- tearDown -->
      </class> <!-- com.hrblizz.testcase.TC_01_Manager_ApplyLeave -->
    </test> <!-- Test -->
  </suite> <!-- Suite -->
</testng-results>
