<?xml version="1.0" encoding="UTF-8"?>
<testng-results ignored="0" total="1" passed="1" failed="0" skipped="0">
  <reporter-output>
  </reporter-output>
  <suite started-at="2025-11-23T17:25:44 IST" name="Suite" finished-at="2025-11-23T17:25:47 IST" duration-ms="3729">
    <groups>
    </groups>
    <test started-at="2025-11-23T17:25:44 IST" name="Test" finished-at="2025-11-23T17:25:47 IST" duration-ms="3729">
      <class name="com.hrblizz.testcase.TC_01_Api_Login_Case">
        <test-method is-config="true" signature="setup()[pri:0, instance:com.hrblizz.testcase.TC_01_Api_Login_Case@312aa7c]" started-at="2025-11-23T17:25:44 IST" name="setup" finished-at="2025-11-23T17:25:44 IST" duration-ms="471" status="PASS">
          <reporter-output>
          </reporter-output>
        </test-method> <!-- setup -->
        <test-method signature="loginTest()[pri:0, instance:com.hrblizz.testcase.TC_01_Api_Login_Case@312aa7c]" started-at="2025-11-23T17:25:45 IST" name="loginTest" finished-at="2025-11-23T17:25:47 IST" duration-ms="2899" status="PASS">
          <reporter-output>
          </reporter-output>
        </test-method> <!-- loginTest -->
      </class> <!-- com.hrblizz.testcase.TC_01_Api_Login_Case -->
    </test> <!-- Test -->
  </suite> <!-- Suite -->
</testng-results>
