<?xml version="1.0" encoding="UTF-8"?>
<testng-results ignored="0" total="2" passed="2" failed="0" skipped="0">
  <reporter-output>
  </reporter-output>
  <suite started-at="2025-11-21T23:35:47 IST" name="Suite" finished-at="2025-11-21T23:36:17 IST" duration-ms="30221">
    <groups>
    </groups>
    <test started-at="2025-11-21T23:35:47 IST" name="Test" finished-at="2025-11-21T23:36:17 IST" duration-ms="30221">
      <class name="com.hrblizz.testcase.TC_01_Manager_ApplyLeave">
        <test-method is-config="true" signature="setUp()[pri:0, instance:com.hrblizz.testcase.TC_01_Manager_ApplyLeave@3b956878]" started-at="2025-11-21T23:35:47 IST" name="setUp" finished-at="2025-11-21T23:35:53 IST" duration-ms="5578" status="PASS">
          <reporter-output>
          </reporter-output>
        </test-method> <!-- setUp -->
        <test-method signature="ManagerApplyLeave()[pri:0, instance:com.hrblizz.testcase.TC_01_Manager_ApplyLeave@3b956878]" started-at="2025-11-21T23:35:53 IST" name="ManagerApplyLeave" finished-at="2025-11-21T23:35:58 IST" duration-ms="5182" status="PASS">
          <reporter-output>
          </reporter-output>
        </test-method> <!-- ManagerApplyLeave -->
        <test-method signature="leave()[pri:0, instance:com.hrblizz.testcase.TC_01_Manager_ApplyLeave@3b956878]" started-at="2025-11-21T23:35:58 IST" name="leave" finished-at="2025-11-21T23:36:17 IST" duration-ms="18615" status="PASS">
          <reporter-output>
          </reporter-output>
        </test-method> <!-- leave -->
        <test-method is-config="true" signature="tearDown()[pri:0, instance:com.hrblizz.testcase.TC_01_Manager_ApplyLeave@3b956878]" started-at="2025-11-21T23:36:17 IST" name="tearDown" finished-at="2025-11-21T23:36:17 IST" duration-ms="608" status="PASS">
          <reporter-output>
          </reporter-output>
        </test-method> <!-- tearDown -->
      </class> <!-- com.hrblizz.testcase.TC_01_Manager_ApplyLeave -->
    </test> <!-- Test -->
  </suite> <!-- Suite -->
</testng-results>
