<?xml version="1.0" encoding="UTF-8"?>
<!-- Generated by org.testng.reporters.JUnitReportReporter -->
<testsuite hostname="LAPTOP-KE2SNMD2" failures="0" tests="2" name="com.hrblizz.testcase.TC_01_Manager_ApplyLeave" time="23.797" errors="0" timestamp="2025-11-21T23:36:18 IST" skipped="0">
  <testcase classname="com.hrblizz.testcase.TC_01_Manager_ApplyLeave" name="leave" time="18.615"/>
  <testcase classname="com.hrblizz.testcase.TC_01_Manager_ApplyLeave" name="ManagerApplyLeave" time="5.182"/>
</testsuite> <!-- com.hrblizz.testcase.TC_01_Manager_ApplyLeave -->
